<?xml version="1.0" encoding="UTF-8"?>
<!-- Generated by org.testng.reporters.JUnitXMLReporter -->
<testsuite hostname="PFTBLR-RMZ-021" failures="0" tests="9" name="Default test" time="194.369" errors="0" timestamp="25 Feb 2020 10:18:35 GMT">
  <testcase classname="viacom18digital.VerifyLoginPage" name="HandlingFlash" time="1.046"/>
  <testcase classname="viacom18digital.VerifyLoginPage" name="LoginPagetest" time="2.594"/>
  <testcase classname="viacom18digital.VerifyLoginPage" name="UploadFile" time="35.16"/>
  <testcase classname="viacom18digital.VerifyLoginPage" name="LogoutCEportal" time="0.283"/>
  <testcase classname="viacom18digital.VerifyLoginPage" name="LoginBCportal" time="12.258"/>
  <testcase classname="viacom18digital.VerifyLoginPage" name="VerifyCatalogdashboard" time="4.22"/>
  <testcase classname="viacom18digital.VerifyLoginPage" name="Filters" time="10.244"/>
  <testcase classname="viacom18digital.VerifyLoginPage" name="QcLogin" time="1.627"/>
  <testcase classname="viacom18digital.VerifyLoginPage" name="VerifyqcPopup" time="0.445"/>
</testsuite> <!-- Default test -->
