<?xml version="1.0" encoding="UTF-8"?>
<testng-results total="9" passed="9" failed="0" skipped="0">
  <reporter-output>
  </reporter-output>
  <suite started-at="2020-02-18T12:12:21Z" name="Default suite" finished-at="2020-02-18T12:23:46Z" duration-ms="684719">
    <groups>
    </groups>
    <test started-at="2020-02-18T12:12:21Z" name="Default test" finished-at="2020-02-18T12:23:46Z" duration-ms="684719">
      <class name="viacom18digital.VerifyLoginPage">
        <test-method is-config="true" signature="ChromeSettings()[pri:0, instance:viacom18digital.VerifyLoginPage@6973bf95]" started-at="2020-02-18T17:42:12Z" name="ChromeSettings" finished-at="2020-02-18T17:42:21Z" duration-ms="9116" status="PASS">
          <reporter-output>
          </reporter-output>
        </test-method> <!-- ChromeSettings -->
        <test-method is-config="true" signature="OpenApplication()[pri:0, instance:viacom18digital.VerifyLoginPage@6973bf95]" started-at="2020-02-18T17:42:21Z" name="OpenApplication" finished-at="2020-02-18T17:42:30Z" duration-ms="8616" status="PASS">
          <reporter-output>
          </reporter-output>
        </test-method> <!-- OpenApplication -->
        <test-method signature="HandlingFlash()[pri:0, instance:viacom18digital.VerifyLoginPage@6973bf95]" started-at="2020-02-18T17:42:30Z" name="HandlingFlash" finished-at="2020-02-18T17:42:31Z" duration-ms="1284" status="PASS">
          <reporter-output>
          </reporter-output>
        </test-method> <!-- HandlingFlash -->
        <test-method signature="LoginPagetest()[pri:0, instance:viacom18digital.VerifyLoginPage@6973bf95]" started-at="2020-02-18T17:42:31Z" name="LoginPagetest" finished-at="2020-02-18T17:44:27Z" duration-ms="115963" status="PASS">
          <reporter-output>
          </reporter-output>
        </test-method> <!-- LoginPagetest -->
        <test-method signature="UploadFile()[pri:0, instance:viacom18digital.VerifyLoginPage@6973bf95]" started-at="2020-02-18T17:44:27Z" name="UploadFile" finished-at="2020-02-18T17:45:02Z" duration-ms="34889" status="PASS">
          <reporter-output>
          </reporter-output>
        </test-method> <!-- UploadFile -->
        <test-method signature="LogoutCEportal()[pri:0, instance:viacom18digital.VerifyLoginPage@6973bf95]" started-at="2020-02-18T17:45:02Z" name="LogoutCEportal" finished-at="2020-02-18T17:45:02Z" duration-ms="492" status="PASS">
          <reporter-output>
          </reporter-output>
        </test-method> <!-- LogoutCEportal -->
        <test-method signature="LoginBCportal()[pri:0, instance:viacom18digital.VerifyLoginPage@6973bf95]" started-at="2020-02-18T17:45:02Z" name="LoginBCportal" finished-at="2020-02-18T17:49:26Z" duration-ms="263549" status="PASS">
          <reporter-output>
          </reporter-output>
        </test-method> <!-- LoginBCportal -->
        <test-method signature="VerifyCatalogdashboard()[pri:0, instance:viacom18digital.VerifyLoginPage@6973bf95]" started-at="2020-02-18T17:49:26Z" name="VerifyCatalogdashboard" finished-at="2020-02-18T17:53:32Z" duration-ms="246133" status="PASS">
          <reporter-output>
          </reporter-output>
        </test-method> <!-- VerifyCatalogdashboard -->
        <test-method signature="Filters()[pri:0, instance:viacom18digital.VerifyLoginPage@6973bf95]" started-at="2020-02-18T17:53:32Z" name="Filters" finished-at="2020-02-18T17:53:42Z" duration-ms="10064" status="PASS">
          <reporter-output>
          </reporter-output>
        </test-method> <!-- Filters -->
        <test-method signature="QcLogin()[pri:0, instance:viacom18digital.VerifyLoginPage@6973bf95]" started-at="2020-02-18T17:53:42Z" name="QcLogin" finished-at="2020-02-18T17:53:44Z" duration-ms="2328" status="PASS">
          <reporter-output>
          </reporter-output>
        </test-method> <!-- QcLogin -->
        <test-method signature="VerifyqcPopup()[pri:0, instance:viacom18digital.VerifyLoginPage@6973bf95]" started-at="2020-02-18T17:53:44Z" name="VerifyqcPopup" finished-at="2020-02-18T17:53:45Z" duration-ms="555" status="PASS">
          <reporter-output>
          </reporter-output>
        </test-method> <!-- VerifyqcPopup -->
        <test-method is-config="true" signature="CloseApplication()[pri:0, instance:viacom18digital.VerifyLoginPage@6973bf95]" started-at="2020-02-18T17:53:45Z" name="CloseApplication" finished-at="2020-02-18T17:53:46Z" duration-ms="831" status="PASS">
          <reporter-output>
          </reporter-output>
        </test-method> <!-- CloseApplication -->
        <test-method is-config="true" signature="DeleteTempdata()[pri:0, instance:viacom18digital.VerifyLoginPage@6973bf95]" started-at="2020-02-18T17:53:46Z" name="DeleteTempdata" finished-at="2020-02-18T17:53:47Z" duration-ms="1107" status="PASS">
          <reporter-output>
          </reporter-output>
        </test-method> <!-- DeleteTempdata -->
      </class> <!-- viacom18digital.VerifyLoginPage -->
    </test> <!-- Default test -->
  </suite> <!-- Default suite -->
</testng-results>
