<?xml version="1.0" encoding="UTF-8"?>
<testng-results total="1" passed="1" failed="0" skipped="0">
  <reporter-output>
  </reporter-output>
  <suite started-at="2021-01-12T13:45:46Z" name="Suite" finished-at="2021-01-12T13:45:55Z" duration-ms="8755">
    <groups>
    </groups>
    <test started-at="2021-01-12T13:45:46Z" name="Jenkins Integration" finished-at="2021-01-12T13:45:55Z" duration-ms="8755">
      <class name="com.pft.qa.LaunchBrowser">
        <test-method is-config="true" signature="Openapplication()[pri:0, instance:com.pft.qa.LaunchBrowser@506ae4d4]" started-at="2021-01-12T19:15:46Z" name="Openapplication" finished-at="2021-01-12T19:15:54Z" duration-ms="8040" status="PASS">
          <reporter-output>
          </reporter-output>
        </test-method> <!-- Openapplication -->
        <test-method signature="Url()[pri:0, instance:com.pft.qa.LaunchBrowser@506ae4d4]" started-at="2021-01-12T19:15:54Z" name="Url" finished-at="2021-01-12T19:15:54Z" duration-ms="8" status="PASS">
          <reporter-output>
          </reporter-output>
        </test-method> <!-- Url -->
        <test-method is-config="true" signature="quitBrowser()[pri:0, instance:com.pft.qa.LaunchBrowser@506ae4d4]" started-at="2021-01-12T19:15:54Z" name="quitBrowser" finished-at="2021-01-12T19:15:54Z" duration-ms="692" status="PASS">
          <reporter-output>
          </reporter-output>
        </test-method> <!-- quitBrowser -->
      </class> <!-- com.pft.qa.LaunchBrowser -->
    </test> <!-- Jenkins Integration -->
  </suite> <!-- Suite -->
</testng-results>
